{"timestamp":"2025-11-15T21:16:40.448608Z","tool":"get_system_status","subject":null,"args":{},"result_status":"error","error":"name 'os' is not defined","truncated":false}
{"timestamp":"2025-11-15T21:16:40.452509Z","tool":"get_container_list","subject":null,"args":{},"result_status":"error","error":"name 'os' is not defined","truncated":false}
{"timestamp":"2025-11-15T21:16:40.457679Z","tool":"get_network_status","subject":null,"args":{},"result_status":"error","error":"name 'os' is not defined","truncated":false}
{"timestamp":"2025-11-15T21:25:00.007721Z","tool":"get_system_status","subject":null,"args":{},"result_status":"error","error":"name 'os' is not defined","truncated":false,"dry_run":false}
{"timestamp":"2025-11-15T21:25:00.011933Z","tool":"get_container_list","subject":null,"args":{},"result_status":"error","error":"name 'os' is not defined","truncated":false,"dry_run":false}
{"timestamp":"2025-11-15T21:25:00.017921Z","tool":"get_network_status","subject":null,"args":{},"result_status":"error","error":"name 'os' is not defined","truncated":false,"dry_run":false}
{"timestamp":"2025-11-15T21:25:38.683310Z","tool":"get_system_status","subject":null,"args":{},"result_status":"error","error":"name 'os' is not defined","truncated":false,"dry_run":false}
{"timestamp":"2025-11-15T21:25:38.688163Z","tool":"get_container_list","subject":null,"args":{},"result_status":"error","error":"name 'os' is not defined","truncated":false,"dry_run":false}
{"timestamp":"2025-11-15T21:25:38.695991Z","tool":"get_network_status","subject":null,"args":{},"result_status":"error","error":"name 'os' is not defined","truncated":false,"dry_run":false}
{"timestamp":"2025-11-15T21:29:53.962115Z","tool":"get_system_status","subject":null,"args":{},"result_status":"error","error":"name 'os' is not defined","truncated":false,"dry_run":false}
{"timestamp":"2025-11-15T21:29:53.964994Z","tool":"get_container_list","subject":null,"args":{},"result_status":"error","error":"name 'os' is not defined","truncated":false,"dry_run":false}
{"timestamp":"2025-11-15T21:29:53.970657Z","tool":"get_network_status","subject":null,"args":{},"result_status":"error","error":"name 'os' is not defined","truncated":false,"dry_run":false}
{"timestamp":"2025-11-15T21:31:23.967385Z","tool":"get_system_status","subject":null,"args":{},"result_status":"error","error":"name 'os' is not defined","truncated":false,"dry_run":false}
{"timestamp":"2025-11-15T21:31:23.970566Z","tool":"get_container_list","subject":null,"args":{},"result_status":"error","error":"name 'os' is not defined","truncated":false,"dry_run":false}
{"timestamp":"2025-11-15T21:31:23.975712Z","tool":"get_network_status","subject":null,"args":{},"result_status":"error","error":"name 'os' is not defined","truncated":false,"dry_run":false}
{"timestamp":"2025-11-15T21:32:32.550480Z","tool":"get_stack_network_info","subject":null,"args":{"host":"node-1","stack_name":"webapp"},"result_status":"success","error":null,"truncated":false,"dry_run":false}
{"timestamp":"2025-11-15T21:32:32.555434Z","tool":"get_stack_network_info","subject":null,"args":{"host":"node-1","stack_name":"webapp"},"result_status":"success","error":null,"truncated":false,"dry_run":false}
{"timestamp":"2025-11-15T21:33:43.707347Z","tool":"get_stack_network_info","subject":null,"args":{"host":"node-1","stack_name":"webapp"},"result_status":"error","error":"docker unavailable","truncated":false,"dry_run":false}
{"timestamp":"2025-11-15T21:33:43.804141Z","tool":"get_stack_network_info","subject":null,"args":{"host":"node-1","stack_name":"webapp"},"result_status":"error","error":"docker unavailable","truncated":false,"dry_run":false}
{"timestamp":"2025-11-15T21:34:00.518979Z","tool":"get_stack_network_info","subject":null,"args":{"host":"node-1","stack_name":"webapp"},"result_status":"success","error":null,"truncated":false,"dry_run":false}
{"timestamp":"2025-11-15T21:34:00.522690Z","tool":"get_stack_network_info","subject":null,"args":{"host":"node-1","stack_name":"webapp"},"result_status":"success","error":null,"truncated":false,"dry_run":false}
{"timestamp":"2025-11-16T01:39:12.290986Z","tool":"get_stack_network_info","subject":null,"args":{"host":"node-1","stack_name":"webapp"},"result_status":"success","error":null,"truncated":false,"dry_run":false}
{"timestamp":"2025-11-16T01:39:12.295335Z","tool":"get_stack_network_info","subject":null,"args":{"host":"node-1","stack_name":"webapp"},"result_status":"success","error":null,"truncated":false,"dry_run":false}
{"timestamp":"2025-11-16T01:39:12.298540Z","tool":"get_stack_network_info","subject":null,"args":{"host":"node-1","stack_name":"webapp"},"result_status":"success","error":null,"truncated":false,"dry_run":false,"tailscale":{"tailscale_node":"Desktop","tailscale_user":4381597146989997,"tailscale_tags":[],"tailnet":"tailf9480.ts.net"}}
{"timestamp":"2025-11-16T01:39:12.323442Z","tool":"get_stack_network_info","subject":null,"args":{"host":"node-1","stack_name":"webapp"},"result_status":"success","error":null,"truncated":false,"dry_run":false,"tailscale":{"tailscale_node":"Desktop","tailscale_user":4381597146989997,"tailscale_tags":[],"tailnet":"tailf9480.ts.net"}}
{"timestamp":"2025-11-16T02:05:47.672907Z","tool":"get_stack_network_info","subject":null,"args":{"host":"node-1","stack_name":"webapp"},"result_status":"success","error":null,"truncated":false,"dry_run":false}
{"timestamp":"2025-11-16T02:05:47.677423Z","tool":"get_stack_network_info","subject":null,"args":{"host":"node-1","stack_name":"webapp"},"result_status":"success","error":null,"truncated":false,"dry_run":false}
{"timestamp":"2025-11-16T02:05:47.681097Z","tool":"get_stack_network_info","subject":null,"args":{"host":"node-1","stack_name":"webapp"},"result_status":"success","error":null,"truncated":false,"dry_run":false,"tailscale":{"tailscale_node":"Desktop","tailscale_user":4381597146989997,"tailscale_tags":[],"tailnet":"tailf9480.ts.net"}}
{"timestamp":"2025-11-16T02:05:47.708095Z","tool":"get_stack_network_info","subject":null,"args":{"host":"node-1","stack_name":"webapp"},"result_status":"success","error":null,"truncated":false,"dry_run":false,"tailscale":{"tailscale_node":"Desktop","tailscale_user":4381597146989997,"tailscale_tags":[],"tailnet":"tailf9480.ts.net"}}
{"timestamp":"2025-11-16T02:24:54.479357Z","tool":"get_stack_network_info","subject":null,"args":{"host":"node-1","stack_name":"webapp"},"result_status":"success","error":null,"truncated":false,"dry_run":false}
{"timestamp":"2025-11-16T02:24:54.484475Z","tool":"get_stack_network_info","subject":null,"args":{"host":"node-1","stack_name":"webapp"},"result_status":"success","error":null,"truncated":false,"dry_run":false}
{"timestamp":"2025-11-16T02:24:54.488198Z","tool":"get_stack_network_info","subject":null,"args":{"host":"node-1","stack_name":"webapp"},"result_status":"success","error":null,"truncated":false,"dry_run":false,"tailscale":{"tailscale_node":"Desktop","tailscale_user":4381597146989997,"tailscale_tags":[],"tailnet":"tailf9480.ts.net"}}
{"timestamp":"2025-11-16T02:24:54.513093Z","tool":"get_stack_network_info","subject":null,"args":{"host":"node-1","stack_name":"webapp"},"result_status":"success","error":null,"truncated":false,"dry_run":false,"tailscale":{"tailscale_node":"Desktop","tailscale_user":4381597146989997,"tailscale_tags":[],"tailnet":"tailf9480.ts.net"}}
{"timestamp":"2025-11-16T02:27:36.850838Z","tool":"get_docker_networks","subject":"unauthenticated","args":{},"result_status":"error","error":"Authentication required but no token provided","truncated":false,"dry_run":false,"risk_level":"low"}
{"timestamp":"2025-11-16T02:33:39.344338Z","tool":"get_system_status","subject":"unauthenticated","args":{"format":"json"},"result_status":"error","error":"Authentication required but no token provided","truncated":false,"dry_run":false,"risk_level":"low","tailscale":{"tailscale_node":"Desktop","tailscale_user":4381597146989997,"tailscale_tags":[],"tailnet":"tailf9480.ts.net"}}
{"timestamp":"2025-11-16T02:34:01.321164Z","tool":"get_system_status","subject":"unauthenticated","args":{"format":"json"},"result_status":"error","error":"Authentication required but no token provided","truncated":false,"dry_run":false,"risk_level":"low","tailscale":{"tailscale_node":"Desktop","tailscale_user":4381597146989997,"tailscale_tags":[],"tailnet":"tailf9480.ts.net"}}
{"timestamp":"2025-11-16T02:36:09.400882Z","tool":"get_stack_network_info","subject":"pytest","args":{"host":"node-1","stack_name":"webapp","format":"json","ctx":"<class 'test_mcp_wrapper_stack_network.test_mcp_wrapper_get_stack_network_info_cli.<locals>.DummyCtx'>"},"result_status":"error","error":"get_stack_network_info() got an unexpected keyword argument 'ctx'","truncated":false,"dry_run":false,"scopes":["container:read"],"risk_level":"low"}
{"timestamp":"2025-11-16T02:36:52.025928Z","tool":"get_stack_network_info","subject":null,"args":{"host":"node-1","stack_name":"webapp"},"result_status":"success","error":null,"truncated":false,"dry_run":false}
{"timestamp":"2025-11-16T02:36:52.026361Z","tool":"get_stack_network_info","subject":"pytest","args":{"host":"node-1","stack_name":"webapp","format":"json"},"result_status":"error","error":null,"truncated":false,"dry_run":false,"scopes":["container:read"],"risk_level":"low"}
{"timestamp":"2025-11-16T02:37:36.095224Z","tool":"get_stack_network_info","subject":null,"args":{"host":"node-1","stack_name":"webapp"},"result_status":"success","error":null,"truncated":false,"dry_run":false}
{"timestamp":"2025-11-16T02:37:36.095578Z","tool":"get_stack_network_info","subject":"pytest","args":{"host":"node-1","stack_name":"webapp","format":"json"},"result_status":"error","error":null,"truncated":false,"dry_run":false,"scopes":["container:read"],"risk_level":"low"}
{"timestamp":"2025-11-16T02:37:36.565015Z","tool":"get_stack_network_info","subject":null,"args":{"host":"node-1","stack_name":"webapp"},"result_status":"success","error":null,"truncated":false,"dry_run":false}
{"timestamp":"2025-11-16T02:37:36.568882Z","tool":"get_stack_network_info","subject":null,"args":{"host":"node-1","stack_name":"webapp"},"result_status":"success","error":null,"truncated":false,"dry_run":false}
{"timestamp":"2025-11-16T02:37:36.571731Z","tool":"get_stack_network_info","subject":null,"args":{"host":"node-1","stack_name":"webapp"},"result_status":"success","error":null,"truncated":false,"dry_run":false,"tailscale":{"tailscale_node":"Desktop","tailscale_user":4381597146989997,"tailscale_tags":[],"tailnet":"tailf9480.ts.net"}}
{"timestamp":"2025-11-16T02:37:36.597221Z","tool":"get_stack_network_info","subject":null,"args":{"host":"node-1","stack_name":"webapp"},"result_status":"success","error":null,"truncated":false,"dry_run":false,"tailscale":{"tailscale_node":"Desktop","tailscale_user":4381597146989997,"tailscale_tags":[],"tailnet":"tailf9480.ts.net"}}
{"timestamp":"2025-11-16T02:39:44.605153Z","tool":"get_system_status","subject":"contract-tests","args":{"format":"json"},"result_status":"error","error":null,"truncated":false,"dry_run":false,"scopes":["admin"],"risk_level":"low","tailscale":{"tailscale_node":"Desktop","tailscale_user":4381597146989997,"tailscale_tags":[],"tailnet":"tailf9480.ts.net"}}
{"timestamp":"2025-11-16T02:39:44.747126Z","tool":"get_container_list","subject":"contract-tests","args":{"format":"json"},"result_status":"error","error":"Error while fetching server API version: (2, 'CreateFile', 'The system cannot find the file specified.')","truncated":false,"dry_run":false,"scopes":["admin"],"risk_level":"low","tailscale":{"tailscale_node":"Desktop","tailscale_user":4381597146989997,"tailscale_tags":[],"tailnet":"tailf9480.ts.net"}}
{"timestamp":"2025-11-16T02:39:44.775662Z","tool":"file_operations","subject":"contract-tests","args":{"action":"list","path":"."},"result_status":"error","error":null,"truncated":false,"dry_run":false,"scopes":["admin"],"risk_level":"high","tailscale":{"tailscale_node":"Desktop","tailscale_user":4381597146989997,"tailscale_tags":[],"tailnet":"tailf9480.ts.net"}}
{"timestamp":"2025-11-16T02:39:44.812647Z","tool":"get_network_status","subject":"contract-tests","args":{"format":"json"},"result_status":"error","error":null,"truncated":false,"dry_run":false,"scopes":["admin"],"risk_level":"low","tailscale":{"tailscale_node":"Desktop","tailscale_user":4381597146989997,"tailscale_tags":[],"tailnet":"tailf9480.ts.net"}}
{"timestamp":"2025-11-16T02:39:44.882014Z","tool":"file_operations","subject":"contract-tests","args":{"action":"search","path":".","pattern":"*.py"},"result_status":"error","error":null,"truncated":false,"dry_run":false,"scopes":["admin"],"risk_level":"high","tailscale":{"tailscale_node":"Desktop","tailscale_user":4381597146989997,"tailscale_tags":[],"tailnet":"tailf9480.ts.net"}}
{"timestamp":"2025-11-16T02:39:54.625625Z","tool":"get_system_status","subject":"contract-tests","args":{"format":"json"},"result_status":"error","error":null,"truncated":false,"dry_run":false,"scopes":["admin"],"risk_level":"low","tailscale":{"tailscale_node":"Desktop","tailscale_user":4381597146989997,"tailscale_tags":[],"tailnet":"tailf9480.ts.net"}}
{"timestamp":"2025-11-16T02:39:54.766076Z","tool":"get_container_list","subject":"contract-tests","args":{"format":"json"},"result_status":"error","error":"Error while fetching server API version: (2, 'CreateFile', 'The system cannot find the file specified.')","truncated":false,"dry_run":false,"scopes":["admin"],"risk_level":"low","tailscale":{"tailscale_node":"Desktop","tailscale_user":4381597146989997,"tailscale_tags":[],"tailnet":"tailf9480.ts.net"}}
{"timestamp":"2025-11-16T02:39:54.794099Z","tool":"file_operations","subject":"contract-tests","args":{"action":"list","path":"."},"result_status":"error","error":null,"truncated":false,"dry_run":false,"scopes":["admin"],"risk_level":"high","tailscale":{"tailscale_node":"Desktop","tailscale_user":4381597146989997,"tailscale_tags":[],"tailnet":"tailf9480.ts.net"}}
{"timestamp":"2025-11-16T02:39:54.832546Z","tool":"get_network_status","subject":"contract-tests","args":{"format":"json"},"result_status":"error","error":null,"truncated":false,"dry_run":false,"scopes":["admin"],"risk_level":"low","tailscale":{"tailscale_node":"Desktop","tailscale_user":4381597146989997,"tailscale_tags":[],"tailnet":"tailf9480.ts.net"}}
{"timestamp":"2025-11-16T02:39:54.894702Z","tool":"file_operations","subject":"contract-tests","args":{"action":"search","path":".","pattern":"*.py"},"result_status":"error","error":null,"truncated":false,"dry_run":false,"scopes":["admin"],"risk_level":"high","tailscale":{"tailscale_node":"Desktop","tailscale_user":4381597146989997,"tailscale_tags":[],"tailnet":"tailf9480.ts.net"}}
{"timestamp":"2025-11-16T02:39:54.920976Z","tool":"get_stack_network_info","subject":null,"args":{"host":"node-1","stack_name":"webapp"},"result_status":"success","error":null,"truncated":false,"dry_run":false}
{"timestamp":"2025-11-16T02:39:54.921418Z","tool":"get_stack_network_info","subject":"pytest","args":{"host":"node-1","stack_name":"webapp","format":"json"},"result_status":"error","error":null,"truncated":false,"dry_run":false,"scopes":["container:read"],"risk_level":"low"}
{"timestamp":"2025-11-16T02:39:55.373984Z","tool":"get_stack_network_info","subject":null,"args":{"host":"node-1","stack_name":"webapp"},"result_status":"success","error":null,"truncated":false,"dry_run":false}
{"timestamp":"2025-11-16T02:39:55.378380Z","tool":"get_stack_network_info","subject":null,"args":{"host":"node-1","stack_name":"webapp"},"result_status":"success","error":null,"truncated":false,"dry_run":false}
{"timestamp":"2025-11-16T02:39:55.381546Z","tool":"get_stack_network_info","subject":null,"args":{"host":"node-1","stack_name":"webapp"},"result_status":"success","error":null,"truncated":false,"dry_run":false,"tailscale":{"tailscale_node":"Desktop","tailscale_user":4381597146989997,"tailscale_tags":[],"tailnet":"tailf9480.ts.net"}}
{"timestamp":"2025-11-16T02:39:55.405797Z","tool":"get_stack_network_info","subject":null,"args":{"host":"node-1","stack_name":"webapp"},"result_status":"success","error":null,"truncated":false,"dry_run":false,"tailscale":{"tailscale_node":"Desktop","tailscale_user":4381597146989997,"tailscale_tags":[],"tailnet":"tailf9480.ts.net"}}
{"timestamp":"2025-11-16T02:42:26.367312Z","tool":"get_system_status","subject":"contract-tests","args":{"format":"json"},"result_status":"error","error":null,"truncated":false,"dry_run":false,"scopes":["admin"],"risk_level":"low","tailscale":{"tailscale_node":"Desktop","tailscale_user":4381597146989997,"tailscale_tags":[],"tailnet":"tailf9480.ts.net"}}
{"timestamp":"2025-11-16T02:42:26.502552Z","tool":"get_container_list","subject":"contract-tests","args":{"format":"json"},"result_status":"error","error":"Error while fetching server API version: (2, 'CreateFile', 'The system cannot find the file specified.')","truncated":false,"dry_run":false,"scopes":["admin"],"risk_level":"low","tailscale":{"tailscale_node":"Desktop","tailscale_user":4381597146989997,"tailscale_tags":[],"tailnet":"tailf9480.ts.net"}}
{"timestamp":"2025-11-16T02:42:26.528309Z","tool":"file_operations","subject":"contract-tests","args":{"action":"list","path":"."},"result_status":"error","error":null,"truncated":false,"dry_run":false,"scopes":["admin"],"risk_level":"high","tailscale":{"tailscale_node":"Desktop","tailscale_user":4381597146989997,"tailscale_tags":[],"tailnet":"tailf9480.ts.net"}}
{"timestamp":"2025-11-16T02:42:26.564933Z","tool":"get_network_status","subject":"contract-tests","args":{"format":"json"},"result_status":"error","error":null,"truncated":false,"dry_run":false,"scopes":["admin"],"risk_level":"low","tailscale":{"tailscale_node":"Desktop","tailscale_user":4381597146989997,"tailscale_tags":[],"tailnet":"tailf9480.ts.net"}}
{"timestamp":"2025-11-16T02:42:26.626179Z","tool":"file_operations","subject":"contract-tests","args":{"action":"search","path":".","pattern":"*.py"},"result_status":"error","error":null,"truncated":false,"dry_run":false,"scopes":["admin"],"risk_level":"high","tailscale":{"tailscale_node":"Desktop","tailscale_user":4381597146989997,"tailscale_tags":[],"tailnet":"tailf9480.ts.net"}}
{"timestamp":"2025-11-16T02:42:26.653656Z","tool":"get_stack_network_info","subject":null,"args":{"host":"node-1","stack_name":"webapp"},"result_status":"success","error":null,"truncated":false,"dry_run":false}
{"timestamp":"2025-11-16T02:42:26.654076Z","tool":"get_stack_network_info","subject":"pytest","args":{"host":"node-1","stack_name":"webapp","format":"json"},"result_status":"error","error":null,"truncated":false,"dry_run":false,"scopes":["container:read"],"risk_level":"low"}
{"timestamp":"2025-11-16T02:42:27.094411Z","tool":"get_stack_network_info","subject":null,"args":{"host":"node-1","stack_name":"webapp"},"result_status":"success","error":null,"truncated":false,"dry_run":false}
{"timestamp":"2025-11-16T02:42:27.098310Z","tool":"get_stack_network_info","subject":null,"args":{"host":"node-1","stack_name":"webapp"},"result_status":"success","error":null,"truncated":false,"dry_run":false}
{"timestamp":"2025-11-16T02:42:27.101221Z","tool":"get_stack_network_info","subject":null,"args":{"host":"node-1","stack_name":"webapp"},"result_status":"success","error":null,"truncated":false,"dry_run":false,"tailscale":{"tailscale_node":"Desktop","tailscale_user":4381597146989997,"tailscale_tags":[],"tailnet":"tailf9480.ts.net"}}
{"timestamp":"2025-11-16T02:42:27.125837Z","tool":"get_stack_network_info","subject":null,"args":{"host":"node-1","stack_name":"webapp"},"result_status":"success","error":null,"truncated":false,"dry_run":false,"tailscale":{"tailscale_node":"Desktop","tailscale_user":4381597146989997,"tailscale_tags":[],"tailnet":"tailf9480.ts.net"}}
{"timestamp":"2025-11-16T02:43:24.352969Z","tool":"get_stack_network_info","subject":null,"args":{"host":"node-1","stack_name":"webapp"},"result_status":"success","error":null,"truncated":false,"dry_run":false}
{"timestamp":"2025-11-16T02:43:24.357658Z","tool":"get_stack_network_info","subject":null,"args":{"host":"node-1","stack_name":"webapp"},"result_status":"success","error":null,"truncated":false,"dry_run":false}
{"timestamp":"2025-11-16T02:43:29.616595Z","tool":"get_stack_network_info","subject":null,"args":{"host":"node-1","stack_name":"webapp"},"result_status":"success","error":null,"truncated":false,"dry_run":false,"tailscale":{"tailscale_node":"Desktop","tailscale_user":4381597146989997,"tailscale_tags":[],"tailnet":"tailf9480.ts.net"}}
{"timestamp":"2025-11-16T02:43:29.642664Z","tool":"get_stack_network_info","subject":null,"args":{"host":"node-1","stack_name":"webapp"},"result_status":"success","error":null,"truncated":false,"dry_run":false,"tailscale":{"tailscale_node":"Desktop","tailscale_user":4381597146989997,"tailscale_tags":[],"tailnet":"tailf9480.ts.net"}}
{"timestamp":"2025-11-16T02:43:40.533721Z","tool":"get_stack_network_info","subject":null,"args":{"host":"node-1","stack_name":"webapp"},"result_status":"success","error":null,"truncated":false,"dry_run":false}
{"timestamp":"2025-11-16T02:43:40.534358Z","tool":"get_stack_network_info","subject":"pytest","args":{"host":"node-1","stack_name":"webapp","format":"json"},"result_status":"error","error":null,"truncated":false,"dry_run":false,"scopes":["container:read"],"risk_level":"low"}
{"timestamp":"2025-11-16T02:57:30.177833Z","tool":"get_system_status","subject":"contract-tests","args":{"format":"json"},"result_status":"error","error":null,"truncated":false,"dry_run":false,"scopes":["admin"],"risk_level":"low","tailscale":{"tailscale_node":"Desktop","tailscale_user":4381597146989997,"tailscale_tags":[],"tailnet":"tailf9480.ts.net"}}
{"timestamp":"2025-11-16T02:57:30.325927Z","tool":"get_container_list","subject":"contract-tests","args":{"format":"json"},"result_status":"error","error":"Error while fetching server API version: (2, 'CreateFile', 'The system cannot find the file specified.')","truncated":false,"dry_run":false,"scopes":["admin"],"risk_level":"low","tailscale":{"tailscale_node":"Desktop","tailscale_user":4381597146989997,"tailscale_tags":[],"tailnet":"tailf9480.ts.net"}}
{"timestamp":"2025-11-16T02:57:30.353738Z","tool":"file_operations","subject":"contract-tests","args":{"action":"list","path":"."},"result_status":"error","error":null,"truncated":false,"dry_run":false,"scopes":["admin"],"risk_level":"high","tailscale":{"tailscale_node":"Desktop","tailscale_user":4381597146989997,"tailscale_tags":[],"tailnet":"tailf9480.ts.net"}}
{"timestamp":"2025-11-16T02:57:30.391190Z","tool":"get_network_status","subject":"contract-tests","args":{"format":"json"},"result_status":"error","error":null,"truncated":false,"dry_run":false,"scopes":["admin"],"risk_level":"low","tailscale":{"tailscale_node":"Desktop","tailscale_user":4381597146989997,"tailscale_tags":[],"tailnet":"tailf9480.ts.net"}}
{"timestamp":"2025-11-16T02:57:30.463058Z","tool":"file_operations","subject":"contract-tests","args":{"action":"search","path":".","pattern":"*.py"},"result_status":"error","error":null,"truncated":false,"dry_run":false,"scopes":["admin"],"risk_level":"high","tailscale":{"tailscale_node":"Desktop","tailscale_user":4381597146989997,"tailscale_tags":[],"tailnet":"tailf9480.ts.net"}}
{"timestamp":"2025-11-16T02:57:30.490891Z","tool":"get_stack_network_info","subject":null,"args":{"host":"node-1","stack_name":"webapp"},"result_status":"success","error":null,"truncated":false,"dry_run":false}
{"timestamp":"2025-11-16T02:57:30.491268Z","tool":"get_stack_network_info","subject":"pytest","args":{"host":"node-1","stack_name":"webapp","format":"json"},"result_status":"error","error":null,"truncated":false,"dry_run":false,"scopes":["container:read"],"risk_level":"low"}
{"timestamp":"2025-11-16T02:57:30.951977Z","tool":"get_stack_network_info","subject":null,"args":{"host":"node-1","stack_name":"webapp"},"result_status":"success","error":null,"truncated":false,"dry_run":false}
{"timestamp":"2025-11-16T02:57:30.956842Z","tool":"get_stack_network_info","subject":null,"args":{"host":"node-1","stack_name":"webapp"},"result_status":"success","error":null,"truncated":false,"dry_run":false}
{"timestamp":"2025-11-16T02:57:30.960223Z","tool":"get_stack_network_info","subject":null,"args":{"host":"node-1","stack_name":"webapp"},"result_status":"success","error":null,"truncated":false,"dry_run":false,"tailscale":{"tailscale_node":"Desktop","tailscale_user":4381597146989997,"tailscale_tags":[],"tailnet":"tailf9480.ts.net"}}
{"timestamp":"2025-11-16T02:57:30.984729Z","tool":"get_stack_network_info","subject":null,"args":{"host":"node-1","stack_name":"webapp"},"result_status":"success","error":null,"truncated":false,"dry_run":false,"tailscale":{"tailscale_node":"Desktop","tailscale_user":4381597146989997,"tailscale_tags":[],"tailnet":"tailf9480.ts.net"}}
